<?xml version="1.0" encoding="UTF-8" ?>
<testsuite tests="3" failures="1" name="test_scenarios.Testmethods_GoogleSearch" time="6.868" errors="0" skipped="2">
  <properties>
[...]
</properties>
  <testcase classname="test_scenarios.Testmethods_GoogleSearch" name="beforetest" time="6.862">
    <failure message="Could not start a new session. Response code 500. Message: session not created: This version of ChromeDriver only supports Chrome version 115
Current browser version is 114.0.5735.248 with binary path C:\Program Files\Google\Chrome\Application\chrome.exe 
Host info: host: &apos;DESKTOP-23HFD9O&apos;, ip: &apos;192.168.0.122&apos;
Build info: version: &apos;4.10.0&apos;, revision: &apos;c14d967899&apos;
System info: os.name: &apos;Windows 10&apos;, os.arch: &apos;amd64&apos;, os.version: &apos;10.0&apos;, java.version: &apos;17.0.6&apos;
Driver info: org.openqa.selenium.chrome.ChromeDriver
Command: [null, newSession {capabilities=[Capabilities {browserName: chrome, goog:chromeOptions: {args: [--remote-allow-origins=*], extensions: []}}]}]" type="org.openqa.selenium.SessionNotCreatedException">org.openqa.selenium.SessionNotCreatedException: Could not start a new session. Response code 500. Message: session not created: This version of ChromeDriver only supports Chrome version 115
Current browser version is 114.0.5735.248 with binary path C:\Program Files\Google\Chrome\Application\chrome.exe 
Host info: host: &apos;DESKTOP-23HFD9O&apos;, ip: &apos;192.168.0.122&apos;
Build info: version: &apos;4.10.0&apos;, revision: &apos;c14d967899&apos;
System info: os.name: &apos;Windows 10&apos;, os.arch: &apos;amd64&apos;, os.version: &apos;10.0&apos;, java.version: &apos;17.0.6&apos;
Driver info: org.openqa.selenium.chrome.ChromeDriver
Command: [null, newSession {capabilities=[Capabilities {browserName: chrome, goog:chromeOptions: {args: [--remote-allow-origins=*], extensions: []}}]}]
	at org.openqa.selenium.remote.ProtocolHandshake.createSession(ProtocolHandshake.java:140)
	at org.openqa.selenium.remote.ProtocolHandshake.createSession(ProtocolHandshake.java:96)
	at org.openqa.selenium.remote.ProtocolHandshake.createSession(ProtocolHandshake.java:68)
	at org.openqa.selenium.remote.HttpCommandExecutor.execute(HttpCommandExecutor.java:163)
	at org.openqa.selenium.remote.service.DriverCommandExecutor.invokeExecute(DriverCommandExecutor.java:196)
	at org.openqa.selenium.remote.service.DriverCommandExecutor.execute(DriverCommandExecutor.java:171)
	at org.openqa.selenium.remote.RemoteWebDriver.execute(RemoteWebDriver.java:531)
	at org.openqa.selenium.remote.RemoteWebDriver.startSession(RemoteWebDriver.java:227)
	at org.openqa.selenium.remote.RemoteWebDriver.&lt;init&gt;(RemoteWebDriver.java:154)
	at org.openqa.selenium.chromium.ChromiumDriver.&lt;init&gt;(ChromiumDriver.java:107)
	at org.openqa.selenium.chrome.ChromeDriver.&lt;init&gt;(ChromeDriver.java:87)
	at org.openqa.selenium.chrome.ChromeDriver.&lt;init&gt;(ChromeDriver.java:82)
	at org.openqa.selenium.chrome.ChromeDriver.&lt;init&gt;(ChromeDriver.java:50)
	at test_scenarios.Testmethods_GoogleSearch.beforetest(Testmethods_GoogleSearch.java:23)
</failure>
    <system-out>Configuring TestNG with: org.apache.maven.surefire.testng.conf.TestNG652Configurator@1fc2b765
</system-out>
    <system-err>SLF4J: Failed to load class &quot;org.slf4j.impl.StaticLoggerBinder&quot;.
SLF4J: Defaulting to no-operation (NOP) logger implementation
SLF4J: See http://www.slf4j.org/codes.html#StaticLoggerBinder for further details.
Jul 30, 2023 11:59:37 AM org.openqa.selenium.remote.service.DriverService$Builder getLogOutput
INFO: Driver logs no longer sent to console by default; https://www.selenium.dev/documentation/webdriver/drivers/service/#setting-log-output
</system-err>
  </testcase>
  <testcase classname="test_scenarios.Testmethods_GoogleSearch" name="SearchOpearation" time="0">
    <skipped/>
  </testcase>
  <testcase classname="test_scenarios.Testmethods_GoogleSearch" name="aftertest" time="0.006">
    <skipped/>
  </testcase>
</testsuite>